/home/bharath/Desktop/projects/datathon/backend/pydantic/_internal/_fields.py:132: UserWarning: Field "model_type" in ForecastResponse has conflict with protected namespace "model_".

You may be able to resolve this warning by setting `model_config['protected_namespaces'] = ()`.
  warnings.warn(
INFO:     Started server process [22639]
INFO:     Waiting for application startup.
INFO:main:Initializing database with seed data...
Generating synthetic Karnataka Police FIR dataset...
INFO:app.db.catalyst_db:✅ Catalyst SDK initialized locally with credentials!
DEBUG: SDK REQUEST: POST https://accounts.zoho.in/oauth/v2/token with headers {'USER-AGENT': 'zc-python-sdk/1.4.0'}
DEBUG: SDK RESPONSE: 200 {"access_token":"1000.87ff0551fadef5d98d0625775516d0bd.d241faa156e414bd888eeedf1fa123ed","scope":"ZohoCatalyst.tables.rows.READ ZohoCatalyst.tables.rows.CREATE ZohoCatalyst.tables.rows.UPDATE ZohoCata
DEBUG: SDK REQUEST: GET https://api.catalyst.zoho.in/baas/v1/project/55341000000016001/table/State/column with headers {'Authorization': 'Zoho-oauthtoken 1000.87ff0551fadef5d98d0625775516d0bd.d241faa156e414bd888eeedf1fa123ed', 'USER-AGENT': 'zc-python-sdk/1.4.0', 'X-ZC-Project-Key': '60076836035', 'X-Catalyst-Environment': 'Development', 'environment': 'Development', 'X-CATALYST-USER': 'admin', 'Accept': 'application/vnd.catalyst.v2+json'}
DEBUG: SDK RESPONSE: 401 {"status":"failure","data":{"error_code":"OAUTH_SCOPE_MISMATCH","message":"invalid oauth scope to access this URL"}}

WARNING:app.db.catalyst_db:Could not retrieve column metadata for State: {'code': 'OAUTH_SCOPE_MISMATCH', 'message': 'invalid oauth scope to access this URL', 'status_code': 401}. Proceeding with static mapping fallback.
DEBUG: SDK REQUEST: POST https://api.catalyst.zoho.in/baas/v1/project/55341000000016001/table/State/row with headers {'Authorization': 'Zoho-oauthtoken 1000.87ff0551fadef5d98d0625775516d0bd.d241faa156e414bd888eeedf1fa123ed', 'USER-AGENT': 'zc-python-sdk/1.4.0', 'X-ZC-Project-Key': '60076836035', 'X-Catalyst-Environment': 'Development', 'environment': 'Development', 'X-CATALYST-USER': 'admin', 'Accept': 'application/vnd.catalyst.v2+json'}
DEBUG: SDK RESPONSE: 200 {"status":"success","data":[{"CREATORID":"55341000000013007","MODIFIEDTIME":"2026-07-12 20:21:10:558","state_name":"Karnataka","CREATEDTIME":"2026-07-12 20:21:10:558","ROWID":"55341000000059001"}]}
DEBUG: SDK REQUEST: GET https://api.catalyst.zoho.in/baas/v1/project/55341000000016001/table/District/column with headers {'Authorization': 'Zoho-oauthtoken 1000.87ff0551fadef5d98d0625775516d0bd.d241faa156e414bd888eeedf1fa123ed', 'USER-AGENT': 'zc-python-sdk/1.4.0', 'X-ZC-Project-Key': '60076836035', 'X-Catalyst-Environment': 'Development', 'environment': 'Development', 'X-CATALYST-USER': 'admin', 'Accept': 'application/vnd.catalyst.v2+json'}
DEBUG: SDK RESPONSE: 401 {"status":"failure","data":{"error_code":"OAUTH_SCOPE_MISMATCH","message":"invalid oauth scope to access this URL"}}

WARNING:app.db.catalyst_db:Could not retrieve column metadata for District: {'code': 'OAUTH_SCOPE_MISMATCH', 'message': 'invalid oauth scope to access this URL', 'status_code': 401}. Proceeding with static mapping fallback.
DEBUG: SDK REQUEST: POST https://api.catalyst.zoho.in/baas/v1/project/55341000000016001/table/District/row with headers {'Authorization': 'Zoho-oauthtoken 1000.87ff0551fadef5d98d0625775516d0bd.d241faa156e414bd888eeedf1fa123ed', 'USER-AGENT': 'zc-python-sdk/1.4.0', 'X-ZC-Project-Key': '60076836035', 'X-Catalyst-Environment': 'Development', 'environment': 'Development', 'X-CATALYST-USER': 'admin', 'Accept': 'application/vnd.catalyst.v2+json'}
DEBUG: SDK RESPONSE: 400 {"status":"failure","data":{"message":"Invalid input value for column name","error_code":"INVALID_INPUT"}}
ERROR:app.db.catalyst_db:Live Datastore insert failed for District: {'code': 'INVALID_INPUT', 'message': 'Invalid input value for column name', 'status_code': 400}
ERROR:main:Failed to auto-seed database: {'code': 'INVALID_INPUT', 'message': 'Invalid input value for column name', 'status_code': 400}
INFO:     Application startup complete.
INFO:     Uvicorn running on http://0.0.0.0:8000 (Press CTRL+C to quit)
