[debug] [2026-07-07T15:31:31.740Z] : 
[debug] [2026-07-07T15:31:31.741Z] : ----------------------------------------------------------------------
[debug] [2026-07-07T15:31:31.741Z] : Command:      /home/bharath/.nvm/versions/node/v24.13.1/bin/node /home/bharath/.nvm/versions/node/v24.13.1/bin/catalyst init
[debug] [2026-07-07T15:31:31.741Z] : CLI Version:  1.26.2
[debug] [2026-07-07T15:31:31.741Z] : Platform:     linux
[debug] [2026-07-07T15:31:31.741Z] : Node Version: v24.13.1
[debug] [2026-07-07T15:31:31.741Z] : Time:         Tue Jul 07 2026 21:01:31 GMT+0530 (India Standard Time)
[debug] [2026-07-07T15:31:31.741Z] : ----------------------------------------------------------------------
[debug] [2026-07-07T15:31:31.741Z] : 
[debug] [2026-07-07T15:31:31.968Z] : > authorizing via signed-in user option
[debug] [2026-07-07T15:31:31.968Z] : > command requires scopes: ["ZohoCatalyst.projects.ALL","ZohoCatalyst.projects.ALL","ZohoCatalyst.project.import.CREATE"]
[info] [2026-07-07T15:31:31.976Z] : 
      ___  
      \  \     ____           _             _                 _   
   ___ \  \   / ___|   __ _  | |_    __ _  | |  _   _   ___  | |_ 
  /  / /  /  | |      / _` | | __|  / _` | | | | | | | / __| | __|
 /  / /__/   | |___  | (_| | | |_  | (_| | | | | |_| | \__ \ | |_ 
 \  \         \____|  \__,_|  \__|  \__,_| |_|  \__, | |___/  \__|
  \__\                                          |___/       

You're about to initialize a Catalyst project in this directory:

  /home/bharath/Desktop/projects/datathon

[debug] [2026-07-07T15:31:31.980Z] : > refreshing access token <
[debug] [2026-07-07T15:31:31.981Z] : >>>> HTTP REQUEST : POST https://accounts.zoho.in/oauth/v2/token 
<request body omitted>

[debug] [2026-07-07T15:31:37.344Z] : <<<< HTTP RESPONSE : 200
Response Headers: {"server":"ZGS","date":"Tue, 07 Jul 2026 15:31:37 GMT","content-type":"application/json;charset=UTF-8","content-length":"2523","connection":"keep-alive","cache-control":"no-store","x-content-type-options":"nosniff","pragma":"no-cache","x-frame-options":"SAMEORIGIN","vary":"accept-encoding","content-language":"en-US","strict-transport-security":"max-age=64072000; includeSubDomains; preload"}

[debug] [2026-07-07T15:31:37.358Z] : >>>> HTTP REQUEST : GET https://api.catalyst.zoho.in/baas/v1/orgs 

[debug] [2026-07-07T15:31:37.760Z] : <<<< HTTP RESPONSE : 200
Response Headers: {"server":"ZGS","date":"Tue, 07 Jul 2026 15:31:37 GMT","content-type":"application/vnd.catalyst.v2+json","transfer-encoding":"chunked","connection":"keep-alive","x-content-type-options":"nosniff","cache-control":"private,no-cache,no-store,max-age=0,must-revalidate","pragma":"no-cache","expires":"Thu, 01 Jan 1970 00:00:00 GMT","x-frame-options":"DENY","strict-transport-security":"max-age=64072000; includeSubDomains; preload"}

[info] [2026-07-07T15:31:37.762Z] : ℹ Setting up a new default project for this folder

[debug] [2026-07-07T15:31:37.763Z] : >>>> HTTP REQUEST : GET https://api.catalyst.zoho.in/baas/v1/project 

[debug] [2026-07-07T15:31:37.866Z] : <<<< HTTP RESPONSE : 200
Response Headers: {"server":"ZGS","date":"Tue, 07 Jul 2026 15:31:37 GMT","content-type":"application/vnd.catalyst.v2+json","transfer-encoding":"chunked","connection":"keep-alive","x-content-type-options":"nosniff","cache-control":"private,no-cache,no-store,max-age=0,must-revalidate","pragma":"no-cache","expires":"Thu, 01 Jan 1970 00:00:00 GMT","x-frame-options":"DENY","strict-transport-security":"max-age=64072000; includeSubDomains; preload"}

[debug] [2026-07-07T15:31:42.250Z] : >>>> HTTP REQUEST : GET https://api.catalyst.zoho.in/baas/v1/project/55341000000016001/environment 

[debug] [2026-07-07T15:31:42.367Z] : <<<< HTTP RESPONSE : 200
Response Headers: {"server":"ZGS","date":"Tue, 07 Jul 2026 15:31:42 GMT","content-type":"application/vnd.catalyst.v2+json","transfer-encoding":"chunked","connection":"keep-alive","x-content-type-options":"nosniff","cache-control":"private,no-cache,no-store,max-age=0,must-revalidate","pragma":"no-cache","expires":"Thu, 01 Jan 1970 00:00:00 GMT","x-frame-options":"DENY","strict-transport-security":"max-age=64072000; includeSubDomains; preload"}

[info] [2026-07-07T15:31:42.374Z] : ℹ .catalystrc file has be successfully created with project details.
[info] [2026-07-07T15:31:42.374Z] : 
